{
  "Cucumber Features": {
    "coverage": {
      "/home/codio/workspace/sweng-project-WilliamVida/app/models/aircraft.rb": {
        "lines": [
          1,
          null,
          1,
          21,
          null,
          null,
          1,
          4,
          null,
          4,
          null,
          null,
          null
        ]
      },
      "/home/codio/workspace/sweng-project-WilliamVida/app/controllers/aircrafts_controller.rb": {
        "lines": [
          1,
          null,
          1,
          null,
          null,
          1,
          null,
          21,
          21,
          null,
          21,
          null,
          2,
          null,
          2,
          null,
          2,
          null,
          2,
          null,
          null,
          21,
          21,
          null,
          21,
          54,
          null,
          null,
          21,
          4,
          4,
          4,
          null,
          null,
          17,
          null,
          null,
          null,
          1,
          null,
          null,
          null,
          1,
          0,
          null,
          null,
          null,
          1,
          null,
          null,
          null,
          1,
          0,
          null,
          0,
          0,
          null,
          0,
          null,
          null,
          null,
          null,
          1,
          0,
          0,
          null,
          0,
          null,
          null,
          null,
          null,
          1,
          0,
          0,
          null,
          null,
          1,
          2,
          null,
          2,
          0,
          2,
          1,
          1,
          null,
          null,
          2,
          null,
          null,
          1,
          null,
          1,
          2,
          null,
          null,
          null,
          1,
          0,
          null,
          null,
          null
        ]
      },
      "/home/codio/workspace/sweng-project-WilliamVida/app/controllers/application_controller.rb": {
        "lines": [
          1,
          null,
          null,
          1,
          null
        ]
      },
      "/home/codio/workspace/sweng-project-WilliamVida/app/helpers/application_helper.rb": {
        "lines": [
          1,
          null
        ]
      },
      "/home/codio/workspace/sweng-project-WilliamVida/app/helpers/aircrafts_helper.rb": {
        "lines": [
          1,
          null
        ]
      }
    },
    "timestamp": 1617921973
  },
  "RSpec": {
    "coverage": {
      "/home/codio/workspace/sweng-project-WilliamVida/app/helpers/aircrafts_helper.rb": {
        "lines": [
          1,
          null
        ]
      },
      "/home/codio/workspace/sweng-project-WilliamVida/app/helpers/application_helper.rb": {
        "lines": [
          1,
          null
        ]
      },
      "/home/codio/workspace/sweng-project-WilliamVida/app/controllers/aircrafts_controller.rb": {
        "lines": [
          1,
          null,
          1,
          null,
          null,
          1,
          null,
          2,
          2,
          null,
          2,
          null,
          0,
          null,
          0,
          null,
          0,
          null,
          0,
          null,
          null,
          2,
          2,
          null,
          2,
          12,
          null,
          null,
          2,
          0,
          0,
          0,
          null,
          null,
          2,
          null,
          null,
          null,
          1,
          null,
          null,
          null,
          1,
          1,
          null,
          null,
          null,
          1,
          null,
          null,
          null,
          1,
          2,
          null,
          2,
          2,
          null,
          0,
          null,
          null,
          null,
          null,
          1,
          2,
          2,
          null,
          0,
          null,
          null,
          null,
          null,
          1,
          2,
          2,
          null,
          null,
          1,
          2,
          null,
          2,
          0,
          2,
          1,
          1,
          null,
          null,
          2,
          null,
          null,
          1,
          null,
          1,
          6,
          null,
          null,
          null,
          1,
          4,
          null,
          null,
          null
        ]
      },
      "/home/codio/workspace/sweng-project-WilliamVida/app/controllers/application_controller.rb": {
        "lines": [
          1,
          null,
          null,
          1,
          null
        ]
      },
      "/home/codio/workspace/sweng-project-WilliamVida/app/models/aircraft.rb": {
        "lines": [
          1,
          null,
          1,
          2,
          null,
          null,
          1,
          4,
          null,
          4,
          null,
          null,
          null
        ]
      }
    },
    "timestamp": 1617921884
  }
}
